2026-04-17 23:16:47,185 - INFO - 
================================================================================
2026-04-17 23:16:47,186 - INFO - HOSPITAL DATABASE BUILDER - FINAL
2026-04-17 23:16:47,186 - INFO - ================================================================================

2026-04-17 23:16:47,186 - INFO - Initializing database...
2026-04-17 23:16:47,186 - INFO - \u2713 Database opened (resuming)
2026-04-17 23:16:47,186 - INFO - 
[1/23] Processing Berger Hospital...
2026-04-17 23:16:47,186 - INFO - Fetching Berger Hospital...
2026-04-17 23:16:48,022 - INFO -   \u2713 Parsed 0 records
2026-04-17 23:16:48,057 - WARNING -   \u2717 No procedures
2026-04-17 23:16:50,071 - INFO - 
[2/23] Processing Doctors Hospital...
2026-04-17 23:16:50,071 - INFO - Fetching Doctors Hospital...
2026-04-17 23:16:50,905 - INFO -   \u2713 Parsed 0 records
2026-04-17 23:16:50,932 - WARNING -   \u2717 No procedures
2026-04-17 23:16:52,940 - INFO - 
[3/23] Processing Dublin Methodist Hospital...
2026-04-17 23:16:52,940 - INFO - Fetching Dublin Methodist Hospital...
2026-04-17 23:16:53,677 - INFO -   \u2713 Parsed 0 records
2026-04-17 23:16:53,705 - WARNING -   \u2717 No procedures
2026-04-17 23:16:55,714 - INFO - 
[4/23] Processing Grady Memorial Hospital...
2026-04-17 23:16:55,714 - INFO - Fetching Grady Memorial Hospital...
2026-04-17 23:16:56,280 - INFO -   \u2713 Parsed 0 records
2026-04-17 23:16:56,303 - WARNING -   \u2717 No procedures
2026-04-17 23:16:58,314 - INFO - 
[5/23] Processing Grant Medical Center...
2026-04-17 23:16:58,314 - INFO - Fetching Grant Medical Center...
2026-04-17 23:16:59,006 - INFO -   \u2713 Parsed 0 records
2026-04-17 23:16:59,035 - WARNING -   \u2717 No procedures
2026-04-17 23:17:01,041 - INFO - 
[6/23] Processing Grove City Methodist...
2026-04-17 23:17:01,041 - INFO - Fetching Grove City Methodist...
2026-04-17 23:17:01,729 - INFO -   \u2713 Parsed 0 records
2026-04-17 23:17:01,756 - WARNING -   \u2717 No procedures
2026-04-17 23:17:03,768 - INFO - 
[7/23] Processing Hardin Memorial Hospital...
2026-04-17 23:17:03,768 - INFO - Fetching Hardin Memorial Hospital...
2026-04-17 23:17:04,239 - INFO -   \u2713 Parsed 0 records
2026-04-17 23:17:04,249 - WARNING -   \u2717 No procedures
2026-04-17 23:17:06,259 - INFO - 
[8/23] Processing Mansfield Hospital...
2026-04-17 23:17:06,259 - INFO - Fetching Mansfield Hospital...
2026-04-17 23:17:06,763 - INFO -   \u2713 Parsed 0 records
2026-04-17 23:17:06,789 - WARNING -   \u2717 No procedures
2026-04-17 23:17:08,796 - INFO - 
[9/23] Processing Marion General Hospital...
2026-04-17 23:17:08,796 - INFO - Fetching Marion General Hospital...
2026-04-17 23:17:09,462 - INFO -   \u2713 Parsed 0 records
2026-04-17 23:17:09,488 - WARNING -   \u2717 No procedures
2026-04-17 23:17:11,492 - INFO - 
[10/23] Processing Morrow County Hospital...
2026-04-17 23:17:11,494 - INFO - Fetching Morrow County Hospital...
2026-04-17 23:17:15,430 - INFO -   \u2713 Parsed 129137 records
2026-04-17 23:17:15,476 - INFO -   \u2713 Inserted 0 procs, 0 pricing
2026-04-17 23:17:17,481 - INFO - 
[11/23] Processing O'Bleness Hospital...
2026-04-17 23:17:17,483 - INFO - Fetching O'Bleness Hospital...
2026-04-17 23:17:18,131 - INFO -   \u2713 Parsed 0 records
2026-04-17 23:17:18,220 - WARNING -   \u2717 No procedures
2026-04-17 23:17:20,223 - INFO - 
[12/23] Processing Pickerington Methodist Hospital...
2026-04-17 23:17:20,225 - INFO - Fetching Pickerington Methodist Hospital...
2026-04-17 23:17:20,941 - INFO -   \u2713 Parsed 0 records
2026-04-17 23:17:20,966 - WARNING -   \u2717 No procedures
2026-04-17 23:17:22,982 - INFO - 
[13/23] Processing Riverside Methodist Hospital...
2026-04-17 23:17:22,984 - INFO - Fetching Riverside Methodist Hospital...
2026-04-17 23:17:23,835 - INFO -   \u2713 Parsed 0 records
2026-04-17 23:17:23,864 - WARNING -   \u2717 No procedures
2026-04-17 23:17:25,866 - INFO - 
[14/23] Processing Shelby Hospital...
2026-04-17 23:17:25,868 - INFO - Fetching Shelby Hospital...
2026-04-17 23:17:26,315 - INFO -   \u2713 Parsed 0 records
2026-04-17 23:17:26,323 - WARNING -   \u2717 No procedures
2026-04-17 23:17:28,325 - INFO - 
[15/23] Processing Southeastern Medical Center...
2026-04-17 23:17:28,327 - INFO - Fetching Southeastern Medical Center...
2026-04-17 23:17:28,936 - INFO -   \u2713 Parsed 0 records
2026-04-17 23:17:28,955 - WARNING -   \u2717 No procedures
2026-04-17 23:17:30,957 - INFO - 
[16/23] Processing Van Wert Hospital...
2026-04-17 23:17:30,959 - INFO - Fetching Van Wert Hospital...
2026-04-17 23:17:31,734 - INFO -   \u2713 Parsed 0 records
2026-04-17 23:17:31,751 - WARNING -   \u2717 No procedures
2026-04-17 23:17:33,763 - INFO - 
[17/23] Processing Ohio State University Medical Center...
2026-04-17 23:17:33,765 - INFO - Fetching Ohio State University Medical Center...
2026-04-17 23:18:18,346 - INFO -   \u2713 Parsed 2353062 records from ZIP
2026-04-17 23:18:19,374 - INFO -   \u2713 Inserted 0 procs, 0 pricing
2026-04-17 23:18:21,382 - INFO - 
[18/23] Processing James Cancer Hospital...
2026-04-17 23:18:21,384 - INFO - Fetching James Cancer Hospital...
2026-04-17 23:19:50,163 - INFO -   \u2713 Parsed 4855897 records from ZIP
2026-04-17 23:19:53,577 - INFO -   \u2713 Inserted 0 procs, 0 pricing
2026-04-17 23:19:55,584 - INFO - 
[19/23] Processing Mount Carmel East...
2026-04-17 23:19:55,586 - INFO - Fetching Mount Carmel East...
2026-04-17 23:22:52,584 - INFO -   \u2713 Parsed 7824380 records from ZIP
2026-04-17 23:23:00,938 - INFO -   \u2713 Inserted 0 procs, 0 pricing
2026-04-17 23:23:02,955 - INFO - 
[20/23] Processing Mount Carmel Grove City...
2026-04-17 23:23:02,963 - INFO - Fetching Mount Carmel Grove City...
2026-04-17 23:25:55,821 - INFO -   \u2713 Parsed 7459637 records from ZIP
2026-04-17 23:26:10,497 - INFO -   \u2713 Inserted 0 procs, 0 pricing
2026-04-17 23:26:12,507 - INFO - 
[21/23] Processing Mount Carmel New Albany...
2026-04-17 23:26:12,515 - INFO - Fetching Mount Carmel New Albany...
2026-04-17 23:28:26,403 - INFO -   \u2713 Parsed 5303894 records from ZIP
2026-04-17 23:28:34,136 - INFO -   \u2713 Inserted 0 procs, 0 pricing
2026-04-17 23:28:36,150 - INFO - 
[22/23] Processing Mount Carmel St. Ann's...
2026-04-17 23:28:36,156 - INFO - Fetching Mount Carmel St. Ann's...
2026-04-17 23:31:00,312 - INFO -   \u2713 Parsed 7420718 records from ZIP
2026-04-17 23:31:09,469 - INFO -   \u2713 Inserted 0 procs, 0 pricing
2026-04-17 23:31:11,473 - INFO - 
[23/23] Processing Mount Carmel Dublin...
2026-04-17 23:31:11,481 - INFO - Fetching Mount Carmel Dublin...
